<?xml version="1.0" encoding="UTF-8"?>
<!-- Generated by org.testng.reporters.JUnitReportReporter -->
<testsuite skipped="0" hostname="DESKTOP-N727QKO" name="testcases.sample" tests="1" failures="0" timestamp="11 Dec 2020 10:23:56 GMT" time="34.474" errors="0">
  <testcase name="Test1" time="34.474" classname="testcases.sample"/>
</testsuite> <!-- testcases.sample -->
